<?xml version="1.0" encoding="UTF-8"?>
<!-- Generated by org.testng.reporters.JUnitXMLReporter -->
<testsuite ignored="1" hostname="vmwin10006ea" failures="0" tests="1" name="Default test" time="6.45" errors="0" timestamp="2023-11-02T15:00:46 SGT">
  <testcase classname="com.dhl.test.LoginUITest" name="titleTest" time="0.019"/>
  <testcase classname="com.dhl.test.LoginUITest" name="placeholderTest" time="0.0">
    <ignored/>
  </testcase> <!-- placeholderTest -->
</testsuite> <!-- Default test -->
