<?xml version="1.0" encoding="UTF-8"?>
<testng-results ignored="0" total="1" passed="1" failed="0" skipped="0">
  <reporter-output>
  </reporter-output>
  <suite started-at="2023-11-02T15:00:40 SGT" name="Default suite" finished-at="2023-11-02T15:00:46 SGT" duration-ms="6450">
    <groups>
      <group name="ui">
        <method signature="LoginUITest.titleTest()[pri:0, instance:com.dhl.test.LoginUITest@2892d68]" name="titleTest" class="com.dhl.test.LoginUITest"/>
      </group> <!-- ui -->
      <group name="smoke">
        <method signature="LoginUITest.titleTest()[pri:0, instance:com.dhl.test.LoginUITest@2892d68]" name="titleTest" class="com.dhl.test.LoginUITest"/>
      </group> <!-- smoke -->
    </groups>
    <test started-at="2023-11-02T15:00:40 SGT" name="Default test" finished-at="2023-11-02T15:00:46 SGT" duration-ms="6450">
      <class name="com.dhl.test.LoginUITest">
        <test-method is-config="true" signature="init()[pri:0, instance:com.dhl.test.LoginUITest@2892d68]" started-at="2023-11-02T15:00:39 SGT" name="init" finished-at="2023-11-02T15:00:40 SGT" duration-ms="386" status="PASS">
          <reporter-output>
          </reporter-output>
        </test-method> <!-- init -->
        <test-method is-config="true" signature="setup(java.lang.String,java.lang.reflect.Method)[pri:0, instance:com.dhl.test.LoginUITest@2892d68]" started-at="2023-11-02T15:00:40 SGT" name="setup" finished-at="2023-11-02T15:00:46 SGT" duration-ms="5900" status="PASS">
          <params>
            <param index="0">
              <value>
                <![CDATA[ch]]>
              </value>
            </param>
            <param index="1">
              <value>
                <![CDATA[public void com.dhl.test.LoginUITest.titleTest()]]>
              </value>
            </param>
          </params>
          <reporter-output>
          </reporter-output>
        </test-method> <!-- setup -->
        <test-method signature="titleTest()[pri:0, instance:com.dhl.test.LoginUITest@2892d68]" started-at="2023-11-02T15:00:46 SGT" name="titleTest" finished-at="2023-11-02T15:00:46 SGT" duration-ms="19" status="PASS">
          <reporter-output>
          </reporter-output>
        </test-method> <!-- titleTest -->
        <test-method is-config="true" signature="teardown(org.testng.ITestResult)[pri:0, instance:com.dhl.test.LoginUITest@2892d68]" started-at="2023-11-02T15:00:46 SGT" name="teardown" finished-at="2023-11-02T15:00:46 SGT" duration-ms="477" status="PASS">
          <params>
            <param index="0">
              <value>
                <![CDATA[[TestResult name=titleTest status=SUCCESS method=LoginUITest.titleTest()[pri:0, instance:com.dhl.test.LoginUITest@2892d68] output={null}]]]>
              </value>
            </param>
          </params>
          <reporter-output>
          </reporter-output>
        </test-method> <!-- teardown -->
        <test-method is-config="true" signature="end()[pri:0, instance:com.dhl.test.LoginUITest@2892d68]" started-at="2023-11-02T15:00:46 SGT" name="end" finished-at="2023-11-02T15:00:47 SGT" duration-ms="406" status="PASS">
          <reporter-output>
          </reporter-output>
        </test-method> <!-- end -->
      </class> <!-- com.dhl.test.LoginUITest -->
    </test> <!-- Default test -->
  </suite> <!-- Default suite -->
</testng-results>
